<?xml version="1.0" encoding="UTF-8"?>
<testng-results skipped="0" failed="0" ignored="0" total="1" passed="1">
  <reporter-output>
  </reporter-output>
  <suite name="Suite" duration-ms="5229" started-at="2021-07-04T04:08:37 UTC" finished-at="2021-07-04T04:08:42 UTC">
    <groups>
    </groups>
    <test name="Test" duration-ms="5229" started-at="2021-07-04T04:08:37 UTC" finished-at="2021-07-04T04:08:42 UTC">
      <class name="PageTest.LoginPagetest">
        <test-method status="PASS" signature="setup()[pri:0, instance:PageTest.LoginPagetest@35d176f7]" name="setup" is-config="true" duration-ms="2612" started-at="2021-07-04T04:08:37 UTC" finished-at="2021-07-04T04:08:39 UTC">
          <reporter-output>
          </reporter-output>
        </test-method> <!-- setup -->
        <test-method status="PASS" signature="LoginPass()[pri:0, instance:PageTest.LoginPagetest@35d176f7]" name="LoginPass" duration-ms="2050" started-at="2021-07-04T04:08:39 UTC" finished-at="2021-07-04T04:08:42 UTC">
          <reporter-output>
          </reporter-output>
        </test-method> <!-- LoginPass -->
        <test-method status="PASS" signature="setupClose()[pri:0, instance:PageTest.LoginPagetest@35d176f7]" name="setupClose" is-config="true" duration-ms="532" started-at="2021-07-04T04:08:42 UTC" finished-at="2021-07-04T04:08:42 UTC">
          <reporter-output>
          </reporter-output>
        </test-method> <!-- setupClose -->
      </class> <!-- PageTest.LoginPagetest -->
    </test> <!-- Test -->
  </suite> <!-- Suite -->
</testng-results>
