<?xml version="1.0" encoding="UTF-8"?>
<testng-results skipped="0" failed="0" ignored="0" total="2" passed="2">
  <reporter-output>
  </reporter-output>
  <suite name="Default suite" duration-ms="42" started-at="2021-07-10T05:56:46 UTC" finished-at="2021-07-10T05:56:46 UTC">
    <groups>
    </groups>
    <test name="Default test" duration-ms="42" started-at="2021-07-10T05:56:46 UTC" finished-at="2021-07-10T05:56:46 UTC">
      <class name="PageTest.testprimenumber">
        <test-method status="PASS" signature="Negativetest()[pri:0, instance:PageTest.testprimenumber@ea1a8d5]" name="Negativetest" duration-ms="10" started-at="2021-07-10T05:56:46 UTC" finished-at="2021-07-10T05:56:46 UTC">
          <reporter-output>
          </reporter-output>
        </test-method> <!-- Negativetest -->
        <test-method status="PASS" signature="positivetest()[pri:0, instance:PageTest.testprimenumber@ea1a8d5]" name="positivetest" duration-ms="1" started-at="2021-07-10T05:56:46 UTC" finished-at="2021-07-10T05:56:46 UTC">
          <reporter-output>
          </reporter-output>
        </test-method> <!-- positivetest -->
      </class> <!-- PageTest.testprimenumber -->
    </test> <!-- Default test -->
  </suite> <!-- Default suite -->
</testng-results>
